<?xml version="1.0" encoding="UTF-8"?>
<!-- Generated by org.testng.reporters.JUnitReportReporter -->
<testsuite skipped="0" hostname="G1C2ML14375" name="com.pom.pages.pomMercury.ValidateUserTest" tests="1" failures="0" timestamp="26 Aug 2018 17:33:23 GMT" time="4.698" errors="0">
  <testcase name="validateUser" time="4.698" classname="com.pom.pages.pomMercury.ValidateUserTest"/>
</testsuite> <!-- com.pom.pages.pomMercury.ValidateUserTest -->
