<?xml version="1.0" encoding="UTF-8"?>
<!-- Generated by org.testng.reporters.JUnitReportReporter -->
<testsuite skipped="0" hostname="G1C2ML14375" name="com.selenium.assignment.DropDwnBox" tests="1" failures="0" timestamp="16 Aug 2018 00:46:29 GMT" time="21.831" errors="0">
  <testcase name="dropdown" time="21.831" classname="com.selenium.assignment.DropDwnBox"/>
</testsuite> <!-- com.selenium.assignment.DropDwnBox -->
