<?xml version="1.0" encoding="UTF-8"?>
<!-- Generated by org.testng.reporters.JUnitReportReporter -->
<testsuite skipped="0" hostname="G1C2ML14375" name="mercuryFlightPOM.ReadFrmExcel" tests="1" failures="0" timestamp="10 Aug 2018 00:17:55 GMT" time="0.131" errors="0">
  <testcase name="parameterization" time="0.131" classname="mercuryFlightPOM.ReadFrmExcel"/>
</testsuite> <!-- mercuryFlightPOM.ReadFrmExcel -->
