<?xml version="1.0" encoding="UTF-8"?>
<!-- Generated by org.testng.reporters.JUnitReportReporter -->
<testsuite skipped="0" hostname="G1C2ML14375" name="com.mindtree.ss.TakeScreenShot" tests="1" failures="0" timestamp="16 Aug 2018 13:45:36 GMT" time="17.807" errors="0">
  <testcase name="takeScreenshot" time="17.807" classname="com.mindtree.ss.TakeScreenShot"/>
</testsuite> <!-- com.mindtree.ss.TakeScreenShot -->
