<?xml version="1.0" encoding="UTF-8"?>
<!-- Generated by org.testng.reporters.JUnitReportReporter -->
<testsuite skipped="0" hostname="G1C2ML14375" name="com.selenium.assignment.SubMenuValidation" tests="1" failures="0" timestamp="08 Aug 2018 07:04:29 GMT" time="18.932" errors="0">
  <testcase name="submenu" time="18.932" classname="com.selenium.assignment.SubMenuValidation"/>
</testsuite> <!-- com.selenium.assignment.SubMenuValidation -->
