<?xml version="1.0" encoding="UTF-8"?>
<!-- Generated by org.testng.reporters.JUnitReportReporter -->
<testsuite skipped="0" hostname="G1C2ML14375" name="com.selenium.assignment.ValueDynamicXpath" tests="1" failures="0" timestamp="08 Aug 2018 05:30:30 GMT" time="16.676" errors="0">
  <testcase name="value" time="16.676" classname="com.selenium.assignment.ValueDynamicXpath"/>
</testsuite> <!-- com.selenium.assignment.ValueDynamicXpath -->
