<?xml version="1.0" encoding="UTF-8"?>
<!-- Generated by org.testng.reporters.JUnitReportReporter -->
<testsuite skipped="0" hostname="G1C2ML14375" name="com.selenium.assignment.AmazonDynamicXPath" tests="1" failures="0" timestamp="08 Aug 2018 06:32:17 GMT" time="35.325" errors="0">
  <testcase name="amazon" time="35.325" classname="com.selenium.assignment.AmazonDynamicXPath"/>
</testsuite> <!-- com.selenium.assignment.AmazonDynamicXPath -->
