<?xml version="1.0" encoding="UTF-8"?>
<!-- Generated by org.testng.reporters.JUnitReportReporter -->
<testsuite skipped="0" hostname="G1C2ML14375" name="com.selenium.assignment.FaceBookLogin" tests="1" failures="0" timestamp="08 Aug 2018 06:39:45 GMT" time="36.255" errors="0">
  <testcase name="login" time="36.255" classname="com.selenium.assignment.FaceBookLogin"/>
</testsuite> <!-- com.selenium.assignment.FaceBookLogin -->
