<?xml version="1.0" encoding="UTF-8"?>
<!-- Generated by org.testng.reporters.JUnitReportReporter -->
<testsuite skipped="0" hostname="G1C2ML14375" name="com.mindtree.countLinks.CountLinks" tests="1" failures="0" timestamp="22 Aug 2018 16:56:34 GMT" time="7.140" errors="0">
  <testcase name="count" time="7.140" classname="com.mindtree.countLinks.CountLinks"/>
</testsuite> <!-- com.mindtree.countLinks.CountLinks -->
