<?xml version="1.0" encoding="UTF-8"?>
<!-- Generated by org.testng.reporters.JUnitReportReporter -->
<testsuite skipped="0" hostname="G1C2ML14375" name="com.selenium.assignment.ValueFromTable" tests="1" failures="0" timestamp="08 Aug 2018 05:14:05 GMT" time="20.465" errors="0">
  <testcase name="tables" time="20.465" classname="com.selenium.assignment.ValueFromTable"/>
</testsuite> <!-- com.selenium.assignment.ValueFromTable -->
