<?xml version="1.0" encoding="UTF-8"?>
<!-- Generated by org.testng.reporters.JUnitReportReporter -->
<testsuite skipped="0" hostname="G1C2ML14375" name="com.flight.booking.BookFlight" tests="1" failures="0" timestamp="12 Aug 2018 05:25:10 GMT" time="0.008" errors="0">
  <testcase name="bookticket" time="0.008" classname="com.flight.booking.BookFlight"/>
</testsuite> <!-- com.flight.booking.BookFlight -->
