<?xml version="1.0" encoding="UTF-8"?>
<!-- Generated by org.testng.reporters.JUnitReportReporter -->
<testsuite skipped="0" hostname="G1C2ML14375" name="com.selenium.assignment.HeaderFooter" tests="1" failures="0" timestamp="08 Aug 2018 08:03:12 GMT" time="0.086" errors="0">
  <testcase name="headerFooter" time="0.086" classname="com.selenium.assignment.HeaderFooter"/>
</testsuite> <!-- com.selenium.assignment.HeaderFooter -->
