<?xml version="1.0" encoding="UTF-8"?>
<!-- Generated by org.testng.reporters.JUnitReportReporter -->
<testsuite skipped="0" hostname="G1C2ML14375" name="mercuryFlightPOM.LoginClass" tests="1" failures="0" timestamp="09 Aug 2018 23:28:13 GMT" time="12.650" errors="0">
  <testcase name="loginVerify" time="12.650" classname="mercuryFlightPOM.LoginClass"/>
</testsuite> <!-- mercuryFlightPOM.LoginClass -->
