<?xml version="1.0" encoding="UTF-8"?>
<!-- Generated by org.testng.reporters.JUnitReportReporter -->
<testsuite skipped="0" hostname="G1C2ML14375" name="com.mindtree.countLinks.CheckLinks" tests="1" failures="0" timestamp="03 Sep 2018 02:52:28 GMT" time="57.478" errors="0">
  <testcase name="checkLinks" time="57.478" classname="com.mindtree.countLinks.CheckLinks"/>
</testsuite> <!-- com.mindtree.countLinks.CheckLinks -->
