<?xml version="1.0" encoding="UTF-8"?>
<!-- Generated by org.testng.reporters.JUnitReportReporter -->
<testsuite skipped="0" hostname="G1C2ML14375" name="testngproject.TestngEnter" tests="1" failures="0" timestamp="19 Sep 2018 10:28:21 GMT" time="9.311" errors="0">
  <testcase name="test" time="9.311" classname="testngproject.TestngEnter"/>
</testsuite> <!-- testngproject.TestngEnter -->
