<?xml version="1.0" encoding="UTF-8"?>
<!-- Generated by org.testng.reporters.JUnitReportReporter -->
<testsuite skipped="0" hostname="G1C2ML14375" name="testngproject.GridTest" tests="1" failures="0" timestamp="27 Aug 2018 16:48:30 GMT" time="12.712" errors="0">
  <testcase name="test1" time="12.712" classname="testngproject.GridTest"/>
</testsuite> <!-- testngproject.GridTest -->
