<?xml version="1.0" encoding="UTF-8"?>
<!-- Generated by org.testng.reporters.JUnitReportReporter -->
<testsuite skipped="1" hostname="G1C2ML14375" name="testngproject.Grouping" tests="5" failures="0" timestamp="02 Sep 2018 16:47:50 GMT" time="0.028" errors="0">
  <testcase name="print4" time="0.003" classname="testngproject.Grouping"/>
  <testcase name="print" time="0.018" classname="testngproject.Grouping"/>
  <testcase name="print4" time="0.004" classname="testngproject.Grouping"/>
  <testcase name="print4" time="0.003" classname="testngproject.Grouping"/>
  <testcase name="print3" classname="testngproject.Grouping">
    <skipped/>
  </testcase> <!-- print3 -->
</testsuite> <!-- testngproject.Grouping -->
