<?xml version="1.0" encoding="UTF-8"?>
<!-- Generated by org.testng.reporters.JUnitReportReporter -->
<testsuite skipped="0" hostname="G1C2ML14375" name="testngproject.Rwd" tests="3" failures="0" timestamp="24 Aug 2018 07:18:19 GMT" time="37.969" errors="0">
  <testcase name="resize" time="12.366" classname="testngproject.Rwd"/>
  <testcase name="resize" time="12.979" classname="testngproject.Rwd"/>
  <testcase name="resize" time="12.624" classname="testngproject.Rwd"/>
</testsuite> <!-- testngproject.Rwd -->
