<?xml version="1.0" encoding="UTF-8"?>
<!-- Generated by org.testng.reporters.JUnitReportReporter -->
<testsuite skipped="0" hostname="G1C2ML14375" name="com.testng.verifyLinks.VerifyLinksTest" tests="1" failures="0" timestamp="26 Aug 2018 17:41:12 GMT" time="3.655" errors="0">
  <testcase name="verifyLinks" time="3.655" classname="com.testng.verifyLinks.VerifyLinksTest"/>
</testsuite> <!-- com.testng.verifyLinks.VerifyLinksTest -->
