<?xml version="1.0" encoding="UTF-8"?>
<!-- Generated by org.testng.reporters.JUnitReportReporter -->
<testsuite skipped="0" hostname="G1C2ML14375" name="com.testng.priority.Priority" tests="2" failures="0" timestamp="02 Sep 2018 16:29:37 GMT" time="0.020" errors="0">
  <testcase name="test2" time="0.006" classname="com.testng.priority.Priority"/>
  <testcase name="test1" time="0.014" classname="com.testng.priority.Priority"/>
</testsuite> <!-- com.testng.priority.Priority -->
