<?xml version="1.0" encoding="UTF-8"?>
<!-- Generated by org.testng.reporters.JUnitReportReporter -->
<testsuite skipped="0" hostname="G1C2ML14375" name="com.kdf1.test.Application" tests="1" failures="0" timestamp="28 Aug 2018 04:31:28 GMT" time="27.296" errors="0">
  <testcase name="kdf" time="27.296" classname="com.kdf1.test.Application"/>
</testsuite> <!-- com.kdf1.test.Application -->
