<?xml version="1.0" encoding="UTF-8"?>
<!-- Generated by org.testng.reporters.JUnitReportReporter -->
<testsuite skipped="0" hostname="G1C2ML14375" name="com.ddf.test.TestLogin" tests="4" failures="0" timestamp="29 Aug 2018 09:12:31 GMT" time="83.532" errors="0">
  <testcase name="loginFunc" time="19.243" classname="com.ddf.test.TestLogin"/>
  <testcase name="loginFunc" time="26.480" classname="com.ddf.test.TestLogin"/>
  <testcase name="loginFunc" time="19.140" classname="com.ddf.test.TestLogin"/>
  <testcase name="loginFunc" time="18.669" classname="com.ddf.test.TestLogin"/>
</testsuite> <!-- com.ddf.test.TestLogin -->
