<?xml version="1.0" encoding="UTF-8"?>
<!-- Generated by org.testng.reporters.JUnitReportReporter -->
<testsuite skipped="0" hostname="G1C2ML14375" name="com.ddf.test.TestClass" tests="2" failures="0" timestamp="24 Aug 2018 09:53:13 GMT" time="52.773" errors="0">
  <testcase name="loginFunc" time="29.143" classname="com.ddf.test.TestClass"/>
  <testcase name="loginFunc" time="23.630" classname="com.ddf.test.TestClass"/>
</testsuite> <!-- com.ddf.test.TestClass -->
