<?xml version="1.0" encoding="UTF-8"?>
<!-- Generated by org.testng.reporters.JUnitReportReporter -->
<testsuite skipped="0" hostname="G1C2ML14375" name="com.ddf.base.Base" tests="1" failures="0" timestamp="23 Aug 2018 09:07:33 GMT" time="28.197" errors="0">
  <testcase name="openBrowser" time="28.197" classname="com.ddf.base.Base"/>
</testsuite> <!-- com.ddf.base.Base -->
