<?xml version="1.0" encoding="UTF-8"?>
<!-- Generated by org.testng.reporters.JUnitReportReporter -->
<testsuite skipped="0" hostname="G1C2ML14375" name="com.ddf.test.DDFTest" tests="1" failures="0" timestamp="28 Aug 2018 00:02:47 GMT" time="8.958" errors="0">
  <testcase name="ddf" time="8.958" classname="com.ddf.test.DDFTest"/>
</testsuite> <!-- com.ddf.test.DDFTest -->
